time: 1666511561.8211803
Epoch: 0
Global step: 42
Validation average precisions: {0: 0.05976470932364464, 1: 0.7819164991378784, 2: 0.34992724657058716, 'mAP': 0.39720281834403676}
Validation Loss: 0.757750391960144
time: 1666511575.54086
Epoch: 1
Global step: 84
Validation average precisions: {0: 0.4505000710487366, 1: 0.8680269718170166, 2: 0.41846972703933716, 'mAP': 0.5789989233016968}
Validation Loss: 0.7244970202445984
time: 1666511589.4636977
Epoch: 2
Global step: 126
Validation average precisions: {0: 0.13419997692108154, 1: 0.8753389716148376, 2: 0.8826521039009094, 'mAP': 0.6307303508122762}
Validation Loss: 0.7728976011276245
time: 1666511602.9674525
Epoch: 3
Global step: 168
Validation average precisions: {0: 0.210811585187912, 1: 0.9465870261192322, 2: 0.92997145652771, 'mAP': 0.695790022611618}
Validation Loss: 0.42116472125053406
time: 1666511616.8830128
Epoch: 4
Global step: 210
Validation average precisions: {0: 0.0535789355635643, 1: 0.9315183758735657, 2: 0.9475632309913635, 'mAP': 0.6442201808094978}
Validation Loss: 0.4946501851081848
time: 1666511630.3929572
Epoch: 5
Global step: 252
Validation average precisions: {0: 0.12120371311903, 1: 0.9400410652160645, 2: 0.8140496015548706, 'mAP': 0.6250981266299883}
Validation Loss: 0.6611964106559753
time: 1666511644.0301456
Epoch: 6
Global step: 294
Validation average precisions: {0: 0.5357142686843872, 1: 0.9904217720031738, 2: 0.8922826051712036, 'mAP': 0.8061395486195883}
Validation Loss: 0.3374093472957611
time: 1666511657.957165
Epoch: 7
Global step: 336
Validation average precisions: {0: 0.5222221612930298, 1: 0.9857804775238037, 2: 0.9899832606315613, 'mAP': 0.8326619664827982}
Validation Loss: 0.2097892165184021
time: 1666511671.9179358
Epoch: 8
Global step: 378
Validation average precisions: {0: 0.1045437827706337, 1: 0.9693860411643982, 2: 0.8686466217041016, 'mAP': 0.6475254818797112}
Validation Loss: 0.4110449552536011
time: 1666511685.4913757
Epoch: 9
Global step: 420
Validation average precisions: {0: 0.09367804229259491, 1: 0.9589506983757019, 2: 0.9560417532920837, 'mAP': 0.6695568313201269}
Validation Loss: 0.32736584544181824
time: 1666511699.0270433
Epoch: 10
Global step: 462
Validation average precisions: {0: 0.39335715770721436, 1: 0.9327392578125, 2: 0.9789345860481262, 'mAP': 0.7683436671892802}
Validation Loss: 0.3086799383163452
time: 1666511712.5927577
Epoch: 11
Global step: 504
Validation average precisions: {0: 0.3505000174045563, 1: 0.9636666178703308, 2: 0.9946999549865723, 'mAP': 0.7696221967538198}
Validation Loss: 0.2648192048072815
time: 1666511726.6866755
Epoch: 12
Global step: 546
Validation average precisions: {0: 0.576923131942749, 1: 0.9757382273674011, 2: 0.9265925288200378, 'mAP': 0.8264179627100626}
Validation Loss: 0.27594488859176636
time: 1666511740.835766
Epoch: 13
Global step: 588
Validation average precisions: {0: 0.5204081535339355, 1: 0.978254497051239, 2: 0.9793218970298767, 'mAP': 0.8259948492050171}
Validation Loss: 0.2490474432706833
time: 1666511754.6451287
Epoch: 14
Global step: 630
Validation average precisions: {0: 0.27177658677101135, 1: 0.9965076446533203, 2: 0.9409785866737366, 'mAP': 0.7364209393660227}
Validation Loss: 0.23756267130374908
time: 1666511768.342944
Epoch: 15
Global step: 672
Validation average precisions: {0: 0.5232558250427246, 1: 0.9982284903526306, 2: 0.9894500970840454, 'mAP': 0.8369781374931335}
Validation Loss: 0.1314045786857605
time: 1666512068.7846076
Epoch: 0
Global step: 121
Validation average precisions: {0: 0.10466064512729645, 1: 0.8701820969581604, 2: 0.47665899991989136, 'mAP': 0.4838339140017827}
Validation Loss: 0.5893210768699646
time: 1666512109.0915942
Epoch: 1
Global step: 242
Validation average precisions: {0: 0.19538404047489166, 1: 0.9361533522605896, 2: 0.8935533761978149, 'mAP': 0.6750302563110987}
Validation Loss: 0.5168867111206055
time: 1666512148.5579393
Epoch: 2
Global step: 363
Validation average precisions: {0: 0.2961595058441162, 1: 0.9467431306838989, 2: 0.8408573269844055, 'mAP': 0.6945866545041403}
Validation Loss: 0.36543890833854675
time: 1666512188.5373518
Epoch: 3
Global step: 484
Validation average precisions: {0: 0.28866395354270935, 1: 0.9610520601272583, 2: 0.9003304243087769, 'mAP': 0.7166821459929148}
Validation Loss: 0.44873321056365967
time: 1666512228.2428257
Epoch: 4
Global step: 605
Validation average precisions: {0: 0.39626264572143555, 1: 0.9656407237052917, 2: 0.9633664488792419, 'mAP': 0.7750899394353231}
Validation Loss: 0.26335957646369934
time: 1666512268.1750047
Epoch: 5
Global step: 726
Validation average precisions: {0: 0.3913896381855011, 1: 0.9583389759063721, 2: 0.9248155355453491, 'mAP': 0.7581813832124075}
Validation Loss: 0.32438352704048157
time: 1666512307.8766448
Epoch: 6
Global step: 847
Validation average precisions: {0: 0.39946091175079346, 1: 0.9674420356750488, 2: 0.9330403804779053, 'mAP': 0.7666477759679159}
Validation Loss: 0.3410831391811371
time: 1666512347.1765897
Epoch: 7
Global step: 968
Validation average precisions: {0: 0.3700481653213501, 1: 0.9587341547012329, 2: 0.9123086333274841, 'mAP': 0.7470303177833557}
Validation Loss: 0.3371173143386841
time: 1666512386.8166142
Epoch: 8
Global step: 1089
Validation average precisions: {0: 0.3875080347061157, 1: 0.9659993648529053, 2: 0.9224050045013428, 'mAP': 0.7586374680201212}
Validation Loss: 0.331277996301651
